2025-09-28T15:10:49+00:00 METHOD=POST
2025-09-28T15:10:49+00:00 HEADERS={"User-Agent":"okhttp\/4.12.0","Accept-Encoding":"gzip","Content-Length":"180","Content-Type":"application\/json","X-Api-Key":"YOUR_SECURE_RANDOM_KEY","Host":"wjin.upv.edu.es"}
2025-09-28T15:10:49+00:00 RAW={"mac":"E6:14:89:83:B3:B9","major":10554,"minor":8289,"nombre":"GTI-3J","rssi":-55,"timestamp":1759072249790,"txPower":99,"uuid":"64:61:74:6f:73:00:2d:2d:2d:2d:20:6c:6f:6f:70:28:"}
2025-09-28T15:10:49+00:00 METHOD=POST
2025-09-28T15:10:49+00:00 HEADERS={"User-Agent":"okhttp\/4.12.0","Accept-Encoding":"gzip","Content-Length":"180","Content-Type":"application\/json","X-Api-Key":"YOUR_SECURE_RANDOM_KEY","Host":"wjin.upv.edu.es"}
2025-09-28T15:10:49+00:00 RAW={"mac":"E6:14:89:83:B3:B9","major":10554,"minor":8289,"nombre":"GTI-3J","rssi":-55,"timestamp":1759072249729,"txPower":99,"uuid":"64:61:74:6f:73:00:2d:2d:2d:2d:20:6c:6f:6f:70:28:"}
2025-09-28T15:10:49+00:00 METHOD=POST
2025-09-28T15:10:49+00:00 HEADERS={"User-Agent":"okhttp\/4.12.0","Accept-Encoding":"gzip","Content-Length":"180","Content-Type":"application\/json","X-Api-Key":"YOUR_SECURE_RANDOM_KEY","Host":"wjin.upv.edu.es"}
2025-09-28T15:10:49+00:00 RAW={"mac":"E6:14:89:83:B3:B9","major":10554,"minor":8289,"nombre":"GTI-3J","rssi":-55,"timestamp":1759072249692,"txPower":99,"uuid":"64:61:74:6f:73:00:2d:2d:2d:2d:20:6c:6f:6f:70:28:"}
2025-09-28T15:10:49+00:00 METHOD=POST
2025-09-28T15:10:49+00:00 HEADERS={"User-Agent":"okhttp\/4.12.0","Accept-Encoding":"gzip","Content-Length":"180","Content-Type":"application\/json","X-Api-Key":"YOUR_SECURE_RANDOM_KEY","Host":"wjin.upv.edu.es"}
2025-09-28T15:10:49+00:00 RAW={"mac":"E6:14:89:83:B3:B9","major":10554,"minor":8289,"nombre":"GTI-3J","rssi":-59,"timestamp":1759072249923,"txPower":99,"uuid":"64:61:74:6f:73:00:2d:2d:2d:2d:20:6c:6f:6f:70:28:"}
2025-09-28T15:10:49+00:00 METHOD=POST
2025-09-28T15:10:49+00:00 HEADERS={"User-Agent":"okhttp\/4.12.0","Accept-Encoding":"gzip","Content-Length":"180","Content-Type":"application\/json","X-Api-Key":"YOUR_SECURE_RANDOM_KEY","Host":"wjin.upv.edu.es"}
2025-09-28T15:10:49+00:00 RAW={"mac":"E6:14:89:83:B3:B9","major":10554,"minor":8289,"nombre":"GTI-3J","rssi":-58,"timestamp":1759072249856,"txPower":99,"uuid":"64:61:74:6f:73:00:2d:2d:2d:2d:20:6c:6f:6f:70:28:"}
2025-09-28T15:10:49+00:00 METHOD=POST
2025-09-28T15:10:49+00:00 HEADERS={"User-Agent":"okhttp\/4.12.0","Accept-Encoding":"gzip","Content-Length":"180","Content-Type":"application\/json","X-Api-Key":"YOUR_SECURE_RANDOM_KEY","Host":"wjin.upv.edu.es"}
2025-09-28T15:10:49+00:00 RAW={"mac":"E6:14:89:83:B3:B9","major":10554,"minor":8289,"nombre":"GTI-3J","rssi":-54,"timestamp":1759072250117,"txPower":99,"uuid":"64:61:74:6f:73:00:2d:2d:2d:2d:20:6c:6f:6f:70:28:"}
2025-09-28T15:10:49+00:00 METHOD=POST
2025-09-28T15:10:49+00:00 HEADERS={"User-Agent":"okhttp\/4.12.0","Accept-Encoding":"gzip","Content-Length":"180","Content-Type":"application\/json","X-Api-Key":"YOUR_SECURE_RANDOM_KEY","Host":"wjin.upv.edu.es"}
2025-09-28T15:10:49+00:00 RAW={"mac":"E6:14:89:83:B3:B9","major":10554,"minor":8289,"nombre":"GTI-3J","rssi":-57,"timestamp":1759072250204,"txPower":99,"uuid":"64:61:74:6f:73:00:2d:2d:2d:2d:20:6c:6f:6f:70:28:"}
2025-09-28T15:10:49+00:00 METHOD=POST
2025-09-28T15:10:49+00:00 HEADERS={"User-Agent":"okhttp\/4.12.0","Accept-Encoding":"gzip","Content-Length":"180","Content-Type":"application\/json","X-Api-Key":"YOUR_SECURE_RANDOM_KEY","Host":"wjin.upv.edu.es"}
2025-09-28T15:10:49+00:00 RAW={"mac":"E6:14:89:83:B3:B9","major":10554,"minor":8289,"nombre":"GTI-3J","rssi":-54,"timestamp":1759072250260,"txPower":99,"uuid":"64:61:74:6f:73:00:2d:2d:2d:2d:20:6c:6f:6f:70:28:"}
2025-09-28T15:10:49+00:00 METHOD=POST
2025-09-28T15:10:49+00:00 HEADERS={"User-Agent":"okhttp\/4.12.0","Accept-Encoding":"gzip","Content-Length":"180","Content-Type":"application\/json","X-Api-Key":"YOUR_SECURE_RANDOM_KEY","Host":"wjin.upv.edu.es"}
2025-09-28T15:10:49+00:00 RAW={"mac":"E6:14:89:83:B3:B9","major":10554,"minor":8289,"nombre":"GTI-3J","rssi":-54,"timestamp":1759072250319,"txPower":99,"uuid":"64:61:74:6f:73:00:2d:2d:2d:2d:20:6c:6f:6f:70:28:"}
2025-09-28T15:10:49+00:00 METHOD=POST
2025-09-28T15:10:49+00:00 HEADERS={"User-Agent":"okhttp\/4.12.0","Accept-Encoding":"gzip","Content-Length":"180","Content-Type":"application\/json","X-Api-Key":"YOUR_SECURE_RANDOM_KEY","Host":"wjin.upv.edu.es"}
2025-09-28T15:10:49+00:00 RAW={"mac":"E6:14:89:83:B3:B9","major":10554,"minor":8289,"nombre":"GTI-3J","rssi":-54,"timestamp":1759072250392,"txPower":99,"uuid":"64:61:74:6f:73:00:2d:2d:2d:2d:20:6c:6f:6f:70:28:"}
2025-09-28T15:10:49+00:00 METHOD=POST
2025-09-28T15:10:49+00:00 HEADERS={"User-Agent":"okhttp\/4.12.0","Accept-Encoding":"gzip","Content-Length":"180","Content-Type":"application\/json","X-Api-Key":"YOUR_SECURE_RANDOM_KEY","Host":"wjin.upv.edu.es"}
2025-09-28T15:10:49+00:00 RAW={"mac":"E6:14:89:83:B3:B9","major":10554,"minor":8289,"nombre":"GTI-3J","rssi":-56,"timestamp":1759072250473,"txPower":99,"uuid":"64:61:74:6f:73:00:2d:2d:2d:2d:20:6c:6f:6f:70:28:"}
2025-09-28T15:10:49+00:00 METHOD=POST
2025-09-28T15:10:49+00:00 HEADERS={"User-Agent":"okhttp\/4.12.0","Accept-Encoding":"gzip","Content-Length":"180","Content-Type":"application\/json","X-Api-Key":"YOUR_SECURE_RANDOM_KEY","Host":"wjin.upv.edu.es"}
2025-09-28T15:10:49+00:00 RAW={"mac":"E6:14:89:83:B3:B9","major":10554,"minor":8289,"nombre":"GTI-3J","rssi":-56,"timestamp":1759072250539,"txPower":99,"uuid":"64:61:74:6f:73:00:2d:2d:2d:2d:20:6c:6f:6f:70:28:"}
2025-09-28T15:10:50+00:00 METHOD=POST
2025-09-28T15:10:50+00:00 HEADERS={"User-Agent":"okhttp\/4.12.0","Accept-Encoding":"gzip","Content-Length":"180","Content-Type":"application\/json","X-Api-Key":"YOUR_SECURE_RANDOM_KEY","Host":"wjin.upv.edu.es"}
2025-09-28T15:10:50+00:00 RAW={"mac":"E6:14:89:83:B3:B9","major":10554,"minor":8289,"nombre":"GTI-3J","rssi":-55,"timestamp":1759072250596,"txPower":99,"uuid":"64:61:74:6f:73:00:2d:2d:2d:2d:20:6c:6f:6f:70:28:"}
2025-09-28T15:10:50+00:00 METHOD=POST
2025-09-28T15:10:50+00:00 HEADERS={"User-Agent":"okhttp\/4.12.0","Accept-Encoding":"gzip","Content-Length":"180","Content-Type":"application\/json","X-Api-Key":"YOUR_SECURE_RANDOM_KEY","Host":"wjin.upv.edu.es"}
2025-09-28T15:10:50+00:00 RAW={"mac":"E6:14:89:83:B3:B9","major":10554,"minor":8289,"nombre":"GTI-3J","rssi":-55,"timestamp":1759072250739,"txPower":99,"uuid":"64:61:74:6f:73:00:2d:2d:2d:2d:20:6c:6f:6f:70:28:"}
2025-09-28T15:10:50+00:00 METHOD=POST
2025-09-28T15:10:50+00:00 HEADERS={"User-Agent":"okhttp\/4.12.0","Accept-Encoding":"gzip","Content-Length":"180","Content-Type":"application\/json","X-Api-Key":"YOUR_SECURE_RANDOM_KEY","Host":"wjin.upv.edu.es"}
2025-09-28T15:10:50+00:00 RAW={"mac":"E6:14:89:83:B3:B9","major":10554,"minor":8289,"nombre":"GTI-3J","rssi":-55,"timestamp":1759072250875,"txPower":99,"uuid":"64:61:74:6f:73:00:2d:2d:2d:2d:20:6c:6f:6f:70:28:"}
2025-09-28T15:10:50+00:00 METHOD=POST
2025-09-28T15:10:50+00:00 HEADERS={"User-Agent":"okhttp\/4.12.0","Accept-Encoding":"gzip","Content-Length":"180","Content-Type":"application\/json","X-Api-Key":"YOUR_SECURE_RANDOM_KEY","Host":"wjin.upv.edu.es"}
2025-09-28T15:10:50+00:00 RAW={"mac":"E6:14:89:83:B3:B9","major":10554,"minor":8289,"nombre":"GTI-3J","rssi":-55,"timestamp":1759072250935,"txPower":99,"uuid":"64:61:74:6f:73:00:2d:2d:2d:2d:20:6c:6f:6f:70:28:"}
2025-09-28T15:10:50+00:00 METHOD=POST
2025-09-28T15:10:50+00:00 HEADERS={"User-Agent":"okhttp\/4.12.0","Accept-Encoding":"gzip","Content-Length":"180","Content-Type":"application\/json","X-Api-Key":"YOUR_SECURE_RANDOM_KEY","Host":"wjin.upv.edu.es"}
2025-09-28T15:10:50+00:00 RAW={"mac":"E6:14:89:83:B3:B9","major":10554,"minor":8289,"nombre":"GTI-3J","rssi":-57,"timestamp":1759072251165,"txPower":99,"uuid":"64:61:74:6f:73:00:2d:2d:2d:2d:20:6c:6f:6f:70:28:"}
2025-09-28T15:10:50+00:00 METHOD=POST
2025-09-28T15:10:50+00:00 HEADERS={"User-Agent":"okhttp\/4.12.0","Accept-Encoding":"gzip","Content-Length":"180","Content-Type":"application\/json","X-Api-Key":"YOUR_SECURE_RANDOM_KEY","Host":"wjin.upv.edu.es"}
2025-09-28T15:10:50+00:00 RAW={"mac":"E6:14:89:83:B3:B9","major":10554,"minor":8289,"nombre":"GTI-3J","rssi":-61,"timestamp":1759072251282,"txPower":99,"uuid":"64:61:74:6f:73:00:2d:2d:2d:2d:20:6c:6f:6f:70:28:"}
2025-09-28T15:10:50+00:00 METHOD=POST
2025-09-28T15:10:50+00:00 HEADERS={"User-Agent":"okhttp\/4.12.0","Accept-Encoding":"gzip","Content-Length":"180","Content-Type":"application\/json","X-Api-Key":"YOUR_SECURE_RANDOM_KEY","Host":"wjin.upv.edu.es"}
2025-09-28T15:10:50+00:00 RAW={"mac":"E6:14:89:83:B3:B9","major":10554,"minor":8289,"nombre":"GTI-3J","rssi":-63,"timestamp":1759072251347,"txPower":99,"uuid":"64:61:74:6f:73:00:2d:2d:2d:2d:20:6c:6f:6f:70:28:"}
2025-09-28T15:10:50+00:00 METHOD=POST
2025-09-28T15:10:50+00:00 HEADERS={"User-Agent":"okhttp\/4.12.0","Accept-Encoding":"gzip","Content-Length":"180","Content-Type":"application\/json","X-Api-Key":"YOUR_SECURE_RANDOM_KEY","Host":"wjin.upv.edu.es"}
2025-09-28T15:10:50+00:00 RAW={"mac":"E6:14:89:83:B3:B9","major":10554,"minor":8289,"nombre":"GTI-3J","rssi":-67,"timestamp":1759072251419,"txPower":99,"uuid":"64:61:74:6f:73:00:2d:2d:2d:2d:20:6c:6f:6f:70:28:"}
2025-09-28T15:10:50+00:00 METHOD=POST
2025-09-28T15:10:50+00:00 HEADERS={"User-Agent":"okhttp\/4.12.0","Accept-Encoding":"gzip","Content-Length":"180","Content-Type":"application\/json","X-Api-Key":"YOUR_SECURE_RANDOM_KEY","Host":"wjin.upv.edu.es"}
2025-09-28T15:10:50+00:00 RAW={"mac":"E6:14:89:83:B3:B9","major":10554,"minor":8289,"nombre":"GTI-3J","rssi":-69,"timestamp":1759072251485,"txPower":99,"uuid":"64:61:74:6f:73:00:2d:2d:2d:2d:20:6c:6f:6f:70:28:"}
2025-09-28T15:10:50+00:00 METHOD=POST
2025-09-28T15:10:50+00:00 HEADERS={"User-Agent":"okhttp\/4.12.0","Accept-Encoding":"gzip","Content-Length":"180","Content-Type":"application\/json","X-Api-Key":"YOUR_SECURE_RANDOM_KEY","Host":"wjin.upv.edu.es"}
2025-09-28T15:10:50+00:00 RAW={"mac":"E6:14:89:83:B3:B9","major":10554,"minor":8289,"nombre":"GTI-3J","rssi":-70,"timestamp":1759072251547,"txPower":99,"uuid":"64:61:74:6f:73:00:2d:2d:2d:2d:20:6c:6f:6f:70:28:"}
2025-09-28T15:26:07+00:00 METHOD=GET
2025-09-28T15:26:07+00:00 HEADERS={"Cookie":"sites-dynamic-list-state-collapsed=%7B%22domain%3A3651%22%3A0%7D; PLESKSESSID=2cc8b63c3ca981c3caab69a15ab3c833","Priority":"u=0, i","Accept-Language":"zh-CN,zh;q=0.9,es;q=0.8","Accept-Encoding":"gzip, deflate, br, zstd","Referer":"https:\/\/wjin.upv.edu.es:8443\/","Sec-Fetch-Dest":"document","Sec-Fetch-User":"?1","Sec-Fetch-Mode":"navigate","Sec-Fetch-Site":"same-site","Accept":"text\/html,application\/xhtml+xml,application\/xml;q=0.9,image\/avif,image\/webp,image\/apng,*\/*;q=0.8,application\/signed-exchange;v=b3;q=0.7","User-Agent":"Mozilla\/5.0 (Windows NT 10.0; Win64; x64) AppleWebKit\/537.36 (KHTML, like Gecko) Chrome\/134.0.0.0 Safari\/537.36","Upgrade-Insecure-Requests":"1","Sec-Ch-Ua-Platform":"\"Windows\"","Sec-Ch-Ua-Mobile":"?0","Sec-Ch-Ua":"\"Chromium\";v=\"134\", \"Not:A-Brand\";v=\"24\", \"Google Chrome\";v=\"134\"","Cache-Control":"max-age=0","Host":"wjin.upv.edu.es","Content-Length":"","Content-Type":""}
2025-09-28T15:26:07+00:00 RAW=
2025-09-30T19:43:41+00:00 METHOD=POST
2025-09-30T19:43:41+00:00 HEADERS={"User-Agent":"okhttp\/4.12.0","Accept-Encoding":"gzip","Content-Length":"178","Content-Type":"application\/json","X-Api-Key":"YOUR_SECURE_RANDOM_KEY","Host":"wjin.upv.edu.es"}
2025-09-30T19:43:41+00:00 RAW={"mac":"E6:14:89:83:B3:B9","major":3086,"minor":10,"nombre":"GTI-3A","rssi":-60,"timestamp":1759261421396,"txPower":203,"uuid":"45:50:53:47:2d:47:54:49:2d:50:52:4f:59:2d:33:41:"}
2025-09-30T19:43:41+00:00 METHOD=POST
2025-09-30T19:43:41+00:00 HEADERS={"User-Agent":"okhttp\/4.12.0","Accept-Encoding":"gzip","Content-Length":"178","Content-Type":"application\/json","X-Api-Key":"YOUR_SECURE_RANDOM_KEY","Host":"wjin.upv.edu.es"}
2025-09-30T19:43:41+00:00 RAW={"mac":"E6:14:89:83:B3:B9","major":3086,"minor":10,"nombre":"GTI-3A","rssi":-63,"timestamp":1759261421241,"txPower":203,"uuid":"45:50:53:47:2d:47:54:49:2d:50:52:4f:59:2d:33:41:"}
2025-09-30T19:43:41+00:00 METHOD=POST
2025-09-30T19:43:41+00:00 HEADERS={"User-Agent":"okhttp\/4.12.0","Accept-Encoding":"gzip","Content-Length":"178","Content-Type":"application\/json","X-Api-Key":"YOUR_SECURE_RANDOM_KEY","Host":"wjin.upv.edu.es"}
2025-09-30T19:43:41+00:00 RAW={"mac":"E6:14:89:83:B3:B9","major":3086,"minor":10,"nombre":"GTI-3A","rssi":-74,"timestamp":1759261421326,"txPower":203,"uuid":"45:50:53:47:2d:47:54:49:2d:50:52:4f:59:2d:33:41:"}
2025-09-30T19:43:41+00:00 METHOD=POST
2025-09-30T19:43:41+00:00 HEADERS={"User-Agent":"okhttp\/4.12.0","Accept-Encoding":"gzip","Content-Length":"178","Content-Type":"application\/json","X-Api-Key":"YOUR_SECURE_RANDOM_KEY","Host":"wjin.upv.edu.es"}
2025-09-30T19:43:41+00:00 RAW={"mac":"E6:14:89:83:B3:B9","major":3086,"minor":10,"nombre":"GTI-3A","rssi":-52,"timestamp":1759261421264,"txPower":203,"uuid":"45:50:53:47:2d:47:54:49:2d:50:52:4f:59:2d:33:41:"}
2025-09-30T19:43:41+00:00 METHOD=POST
2025-09-30T19:43:41+00:00 HEADERS={"User-Agent":"okhttp\/4.12.0","Accept-Encoding":"gzip","Content-Length":"178","Content-Type":"application\/json","X-Api-Key":"YOUR_SECURE_RANDOM_KEY","Host":"wjin.upv.edu.es"}
2025-09-30T19:43:41+00:00 RAW={"mac":"E6:14:89:83:B3:B9","major":3086,"minor":10,"nombre":"GTI-3A","rssi":-51,"timestamp":1759261421217,"txPower":203,"uuid":"45:50:53:47:2d:47:54:49:2d:50:52:4f:59:2d:33:41:"}
2025-09-30T19:43:41+00:00 METHOD=POST
2025-09-30T19:43:41+00:00 HEADERS={"User-Agent":"okhttp\/4.12.0","Accept-Encoding":"gzip","Content-Length":"178","Content-Type":"application\/json","X-Api-Key":"YOUR_SECURE_RANDOM_KEY","Host":"wjin.upv.edu.es"}
2025-09-30T19:43:41+00:00 RAW={"mac":"E6:14:89:83:B3:B9","major":3086,"minor":10,"nombre":"GTI-3A","rssi":-59,"timestamp":1759261421609,"txPower":203,"uuid":"45:50:53:47:2d:47:54:49:2d:50:52:4f:59:2d:33:41:"}
2025-09-30T19:43:41+00:00 METHOD=POST
2025-09-30T19:43:41+00:00 HEADERS={"User-Agent":"okhttp\/4.12.0","Accept-Encoding":"gzip","Content-Length":"178","Content-Type":"application\/json","X-Api-Key":"YOUR_SECURE_RANDOM_KEY","Host":"wjin.upv.edu.es"}
2025-09-30T19:43:41+00:00 RAW={"mac":"E6:14:89:83:B3:B9","major":3086,"minor":10,"nombre":"GTI-3A","rssi":-63,"timestamp":1759261421741,"txPower":203,"uuid":"45:50:53:47:2d:47:54:49:2d:50:52:4f:59:2d:33:41:"}
2025-09-30T19:43:41+00:00 METHOD=POST
2025-09-30T19:43:41+00:00 HEADERS={"User-Agent":"okhttp\/4.12.0","Accept-Encoding":"gzip","Content-Length":"178","Content-Type":"application\/json","X-Api-Key":"YOUR_SECURE_RANDOM_KEY","Host":"wjin.upv.edu.es"}
2025-09-30T19:43:41+00:00 RAW={"mac":"E6:14:89:83:B3:B9","major":3086,"minor":10,"nombre":"GTI-3A","rssi":-59,"timestamp":1759261421538,"txPower":203,"uuid":"45:50:53:47:2d:47:54:49:2d:50:52:4f:59:2d:33:41:"}
2025-09-30T19:43:41+00:00 METHOD=POST
2025-09-30T19:43:41+00:00 METHOD=POST
2025-09-30T19:43:41+00:00 HEADERS={"User-Agent":"okhttp\/4.12.0","Accept-Encoding":"gzip","Content-Length":"178","Content-Type":"application\/json","X-Api-Key":"YOUR_SECURE_RANDOM_KEY","Host":"wjin.upv.edu.es"}
2025-09-30T19:43:41+00:00 HEADERS={"User-Agent":"okhttp\/4.12.0","Accept-Encoding":"gzip","Content-Length":"178","Content-Type":"application\/json","X-Api-Key":"YOUR_SECURE_RANDOM_KEY","Host":"wjin.upv.edu.es"}
2025-09-30T19:43:41+00:00 RAW={"mac":"E6:14:89:83:B3:B9","major":3086,"minor":10,"nombre":"GTI-3A","rssi":-55,"timestamp":1759261421808,"txPower":203,"uuid":"45:50:53:47:2d:47:54:49:2d:50:52:4f:59:2d:33:41:"}
2025-09-30T19:43:41+00:00 RAW={"mac":"E6:14:89:83:B3:B9","major":3086,"minor":10,"nombre":"GTI-3A","rssi":-69,"timestamp":1759261421949,"txPower":203,"uuid":"45:50:53:47:2d:47:54:49:2d:50:52:4f:59:2d:33:41:"}
2025-09-30T19:43:41+00:00 METHOD=POST
2025-09-30T19:43:41+00:00 HEADERS={"User-Agent":"okhttp\/4.12.0","Accept-Encoding":"gzip","Content-Length":"181","Content-Type":"application\/json","X-Api-Key":"YOUR_SECURE_RANDOM_KEY","Host":"wjin.upv.edu.es"}
2025-09-30T19:43:41+00:00 RAW={"mac":"E6:14:89:83:B3:B9","major":14880,"minor":24931,"nombre":"GTI-3A","rssi":-53,"timestamp":1759261422060,"txPower":97,"uuid":"4d:6f:6c:61:00:2d:2d:2d:2d:20:6c:6f:6f:70:28:29:"}
2025-09-30T19:43:41+00:00 METHOD=POST
2025-09-30T19:43:41+00:00 HEADERS={"User-Agent":"okhttp\/4.12.0","Accept-Encoding":"gzip","Content-Length":"181","Content-Type":"application\/json","X-Api-Key":"YOUR_SECURE_RANDOM_KEY","Host":"wjin.upv.edu.es"}
2025-09-30T19:43:41+00:00 RAW={"mac":"E6:14:89:83:B3:B9","major":14880,"minor":24931,"nombre":"GTI-3A","rssi":-56,"timestamp":1759261422210,"txPower":97,"uuid":"4d:6f:6c:61:00:2d:2d:2d:2d:20:6c:6f:6f:70:28:29:"}
2025-09-30T19:43:41+00:00 METHOD=POST
2025-09-30T19:43:41+00:00 HEADERS={"User-Agent":"okhttp\/4.12.0","Accept-Encoding":"gzip","Content-Length":"181","Content-Type":"application\/json","X-Api-Key":"YOUR_SECURE_RANDOM_KEY","Host":"wjin.upv.edu.es"}
2025-09-30T19:43:41+00:00 RAW={"mac":"E6:14:89:83:B3:B9","major":14880,"minor":24931,"nombre":"GTI-3A","rssi":-58,"timestamp":1759261422277,"txPower":97,"uuid":"4d:6f:6c:61:00:2d:2d:2d:2d:20:6c:6f:6f:70:28:29:"}
2025-09-30T19:43:41+00:00 METHOD=POST
2025-09-30T19:43:41+00:00 HEADERS={"User-Agent":"okhttp\/4.12.0","Accept-Encoding":"gzip","Content-Length":"181","Content-Type":"application\/json","X-Api-Key":"YOUR_SECURE_RANDOM_KEY","Host":"wjin.upv.edu.es"}
2025-09-30T19:43:41+00:00 RAW={"mac":"E6:14:89:83:B3:B9","major":14880,"minor":24931,"nombre":"GTI-3A","rssi":-63,"timestamp":1759261422341,"txPower":97,"uuid":"4d:6f:6c:61:00:2d:2d:2d:2d:20:6c:6f:6f:70:28:29:"}
2025-09-30T19:43:41+00:00 METHOD=POST
2025-09-30T19:43:41+00:00 HEADERS={"User-Agent":"okhttp\/4.12.0","Accept-Encoding":"gzip","Content-Length":"181","Content-Type":"application\/json","X-Api-Key":"YOUR_SECURE_RANDOM_KEY","Host":"wjin.upv.edu.es"}
2025-09-30T19:43:41+00:00 RAW={"mac":"E6:14:89:83:B3:B9","major":14880,"minor":24931,"nombre":"GTI-3A","rssi":-57,"timestamp":1759261422427,"txPower":97,"uuid":"4d:6f:6c:61:00:2d:2d:2d:2d:20:6c:6f:6f:70:28:29:"}
2025-09-30T19:43:41+00:00 METHOD=POST
2025-09-30T19:43:41+00:00 HEADERS={"User-Agent":"okhttp\/4.12.0","Accept-Encoding":"gzip","Content-Length":"181","Content-Type":"application\/json","X-Api-Key":"YOUR_SECURE_RANDOM_KEY","Host":"wjin.upv.edu.es"}
2025-09-30T19:43:41+00:00 RAW={"mac":"E6:14:89:83:B3:B9","major":14880,"minor":24931,"nombre":"GTI-3A","rssi":-58,"timestamp":1759261422481,"txPower":97,"uuid":"4d:6f:6c:61:00:2d:2d:2d:2d:20:6c:6f:6f:70:28:29:"}
2025-09-30T19:43:41+00:00 METHOD=POST
2025-09-30T19:43:41+00:00 HEADERS={"User-Agent":"okhttp\/4.12.0","Accept-Encoding":"gzip","Content-Length":"181","Content-Type":"application\/json","X-Api-Key":"YOUR_SECURE_RANDOM_KEY","Host":"wjin.upv.edu.es"}
2025-09-30T19:43:41+00:00 RAW={"mac":"E6:14:89:83:B3:B9","major":14880,"minor":24931,"nombre":"GTI-3A","rssi":-58,"timestamp":1759261422544,"txPower":97,"uuid":"4d:6f:6c:61:00:2d:2d:2d:2d:20:6c:6f:6f:70:28:29:"}
2025-09-30T19:43:41+00:00 METHOD=POST
2025-09-30T19:43:41+00:00 HEADERS={"User-Agent":"okhttp\/4.12.0","Accept-Encoding":"gzip","Content-Length":"181","Content-Type":"application\/json","X-Api-Key":"YOUR_SECURE_RANDOM_KEY","Host":"wjin.upv.edu.es"}
2025-09-30T19:43:41+00:00 RAW={"mac":"E6:14:89:83:B3:B9","major":14880,"minor":24931,"nombre":"GTI-3A","rssi":-52,"timestamp":1759261422630,"txPower":97,"uuid":"4d:6f:6c:61:00:2d:2d:2d:2d:20:6c:6f:6f:70:28:29:"}
2025-09-30T19:43:41+00:00 METHOD=POST
2025-09-30T19:43:41+00:00 HEADERS={"User-Agent":"okhttp\/4.12.0","Accept-Encoding":"gzip","Content-Length":"181","Content-Type":"application\/json","X-Api-Key":"YOUR_SECURE_RANDOM_KEY","Host":"wjin.upv.edu.es"}
2025-09-30T19:43:41+00:00 RAW={"mac":"E6:14:89:83:B3:B9","major":14880,"minor":24931,"nombre":"GTI-3A","rssi":-51,"timestamp":1759261422675,"txPower":97,"uuid":"4d:6f:6c:61:00:2d:2d:2d:2d:20:6c:6f:6f:70:28:29:"}
2025-09-30T19:43:42+00:00 METHOD=POST
2025-09-30T19:43:42+00:00 HEADERS={"User-Agent":"okhttp\/4.12.0","Accept-Encoding":"gzip","Content-Length":"181","Content-Type":"application\/json","X-Api-Key":"YOUR_SECURE_RANDOM_KEY","Host":"wjin.upv.edu.es"}
2025-09-30T19:43:42+00:00 RAW={"mac":"E6:14:89:83:B3:B9","major":14880,"minor":24931,"nombre":"GTI-3A","rssi":-54,"timestamp":1759261422742,"txPower":97,"uuid":"4d:6f:6c:61:00:2d:2d:2d:2d:20:6c:6f:6f:70:28:29:"}
2025-09-30T19:43:42+00:00 METHOD=POST
2025-09-30T19:43:42+00:00 HEADERS={"User-Agent":"okhttp\/4.12.0","Accept-Encoding":"gzip","Content-Length":"181","Content-Type":"application\/json","X-Api-Key":"YOUR_SECURE_RANDOM_KEY","Host":"wjin.upv.edu.es"}
2025-09-30T19:43:42+00:00 RAW={"mac":"E6:14:89:83:B3:B9","major":14880,"minor":24931,"nombre":"GTI-3A","rssi":-58,"timestamp":1759261422820,"txPower":97,"uuid":"4d:6f:6c:61:00:2d:2d:2d:2d:20:6c:6f:6f:70:28:29:"}
2025-09-30T19:43:42+00:00 METHOD=POST
2025-09-30T19:43:42+00:00 HEADERS={"User-Agent":"okhttp\/4.12.0","Accept-Encoding":"gzip","Content-Length":"181","Content-Type":"application\/json","X-Api-Key":"YOUR_SECURE_RANDOM_KEY","Host":"wjin.upv.edu.es"}
2025-09-30T19:43:42+00:00 RAW={"mac":"E6:14:89:83:B3:B9","major":14880,"minor":24931,"nombre":"GTI-3A","rssi":-52,"timestamp":1759261422964,"txPower":97,"uuid":"4d:6f:6c:61:00:2d:2d:2d:2d:20:6c:6f:6f:70:28:29:"}
2025-09-30T19:43:42+00:00 METHOD=POST
2025-09-30T19:43:42+00:00 HEADERS={"User-Agent":"okhttp\/4.12.0","Accept-Encoding":"gzip","Content-Length":"181","Content-Type":"application\/json","X-Api-Key":"YOUR_SECURE_RANDOM_KEY","Host":"wjin.upv.edu.es"}
2025-09-30T19:43:42+00:00 RAW={"mac":"E6:14:89:83:B3:B9","major":14880,"minor":24931,"nombre":"GTI-3A","rssi":-58,"timestamp":1759261423091,"txPower":97,"uuid":"4d:6f:6c:61:00:2d:2d:2d:2d:20:6c:6f:6f:70:28:29:"}
2025-09-30T19:43:42+00:00 METHOD=POST
2025-09-30T19:43:42+00:00 HEADERS={"User-Agent":"okhttp\/4.12.0","Accept-Encoding":"gzip","Content-Length":"181","Content-Type":"application\/json","X-Api-Key":"YOUR_SECURE_RANDOM_KEY","Host":"wjin.upv.edu.es"}
2025-09-30T19:43:42+00:00 RAW={"mac":"E6:14:89:83:B3:B9","major":14880,"minor":24931,"nombre":"GTI-3A","rssi":-59,"timestamp":1759261423162,"txPower":97,"uuid":"4d:6f:6c:61:00:2d:2d:2d:2d:20:6c:6f:6f:70:28:29:"}
2025-09-30T19:43:42+00:00 METHOD=POST
2025-09-30T19:43:42+00:00 HEADERS={"User-Agent":"okhttp\/4.12.0","Accept-Encoding":"gzip","Content-Length":"181","Content-Type":"application\/json","X-Api-Key":"YOUR_SECURE_RANDOM_KEY","Host":"wjin.upv.edu.es"}
2025-09-30T19:43:42+00:00 RAW={"mac":"E6:14:89:83:B3:B9","major":14880,"minor":24931,"nombre":"GTI-3A","rssi":-51,"timestamp":1759261423307,"txPower":97,"uuid":"4d:6f:6c:61:00:2d:2d:2d:2d:20:6c:6f:6f:70:28:29:"}
2025-09-30T19:43:42+00:00 METHOD=POST
2025-09-30T19:43:42+00:00 HEADERS={"User-Agent":"okhttp\/4.12.0","Accept-Encoding":"gzip","Content-Length":"181","Content-Type":"application\/json","X-Api-Key":"YOUR_SECURE_RANDOM_KEY","Host":"wjin.upv.edu.es"}
2025-09-30T19:43:42+00:00 RAW={"mac":"E6:14:89:83:B3:B9","major":14880,"minor":24931,"nombre":"GTI-3A","rssi":-66,"timestamp":1759261423371,"txPower":97,"uuid":"4d:6f:6c:61:00:2d:2d:2d:2d:20:6c:6f:6f:70:28:29:"}
2025-09-30T19:43:42+00:00 METHOD=POST
2025-09-30T19:43:42+00:00 HEADERS={"User-Agent":"okhttp\/4.12.0","Accept-Encoding":"gzip","Content-Length":"181","Content-Type":"application\/json","X-Api-Key":"YOUR_SECURE_RANDOM_KEY","Host":"wjin.upv.edu.es"}
2025-09-30T19:43:42+00:00 RAW={"mac":"E6:14:89:83:B3:B9","major":14880,"minor":24931,"nombre":"GTI-3A","rssi":-72,"timestamp":1759261423435,"txPower":97,"uuid":"4d:6f:6c:61:00:2d:2d:2d:2d:20:6c:6f:6f:70:28:29:"}
2025-09-30T19:43:42+00:00 METHOD=POST
2025-09-30T19:43:42+00:00 HEADERS={"User-Agent":"okhttp\/4.12.0","Accept-Encoding":"gzip","Content-Length":"181","Content-Type":"application\/json","X-Api-Key":"YOUR_SECURE_RANDOM_KEY","Host":"wjin.upv.edu.es"}
2025-09-30T19:43:42+00:00 RAW={"mac":"E6:14:89:83:B3:B9","major":14880,"minor":24931,"nombre":"GTI-3A","rssi":-60,"timestamp":1759261423497,"txPower":97,"uuid":"4d:6f:6c:61:00:2d:2d:2d:2d:20:6c:6f:6f:70:28:29:"}
2025-09-30T19:43:42+00:00 METHOD=POST
2025-09-30T19:43:42+00:00 HEADERS={"User-Agent":"okhttp\/4.12.0","Accept-Encoding":"gzip","Content-Length":"181","Content-Type":"application\/json","X-Api-Key":"YOUR_SECURE_RANDOM_KEY","Host":"wjin.upv.edu.es"}
2025-09-30T19:43:42+00:00 RAW={"mac":"E6:14:89:83:B3:B9","major":14880,"minor":24931,"nombre":"GTI-3A","rssi":-53,"timestamp":1759261423567,"txPower":97,"uuid":"4d:6f:6c:61:00:2d:2d:2d:2d:20:6c:6f:6f:70:28:29:"}
2025-09-30T19:43:42+00:00 METHOD=POST
2025-09-30T19:43:42+00:00 HEADERS={"User-Agent":"okhttp\/4.12.0","Accept-Encoding":"gzip","Content-Length":"181","Content-Type":"application\/json","X-Api-Key":"YOUR_SECURE_RANDOM_KEY","Host":"wjin.upv.edu.es"}
2025-09-30T19:43:42+00:00 RAW={"mac":"E6:14:89:83:B3:B9","major":14880,"minor":24931,"nombre":"GTI-3A","rssi":-59,"timestamp":1759261423635,"txPower":97,"uuid":"4d:6f:6c:61:00:2d:2d:2d:2d:20:6c:6f:6f:70:28:29:"}
2025-09-30T19:43:42+00:00 METHOD=POST
2025-09-30T19:43:42+00:00 HEADERS={"User-Agent":"okhttp\/4.12.0","Accept-Encoding":"gzip","Content-Length":"181","Content-Type":"application\/json","X-Api-Key":"YOUR_SECURE_RANDOM_KEY","Host":"wjin.upv.edu.es"}
2025-09-30T19:43:42+00:00 RAW={"mac":"E6:14:89:83:B3:B9","major":14880,"minor":24931,"nombre":"GTI-3A","rssi":-57,"timestamp":1759261423709,"txPower":97,"uuid":"4d:6f:6c:61:00:2d:2d:2d:2d:20:6c:6f:6f:70:28:29:"}
2025-09-30T19:43:43+00:00 METHOD=POST
2025-09-30T19:43:43+00:00 HEADERS={"User-Agent":"okhttp\/4.12.0","Accept-Encoding":"gzip","Content-Length":"181","Content-Type":"application\/json","X-Api-Key":"YOUR_SECURE_RANDOM_KEY","Host":"wjin.upv.edu.es"}
2025-09-30T19:43:43+00:00 RAW={"mac":"E6:14:89:83:B3:B9","major":14880,"minor":24931,"nombre":"GTI-3A","rssi":-59,"timestamp":1759261423773,"txPower":97,"uuid":"4d:6f:6c:61:00:2d:2d:2d:2d:20:6c:6f:6f:70:28:29:"}
2025-09-30T19:43:43+00:00 METHOD=POST
2025-09-30T19:43:43+00:00 HEADERS={"User-Agent":"okhttp\/4.12.0","Accept-Encoding":"gzip","Content-Length":"181","Content-Type":"application\/json","X-Api-Key":"YOUR_SECURE_RANDOM_KEY","Host":"wjin.upv.edu.es"}
2025-09-30T19:43:43+00:00 RAW={"mac":"E6:14:89:83:B3:B9","major":14880,"minor":24931,"nombre":"GTI-3A","rssi":-50,"timestamp":1759261423841,"txPower":97,"uuid":"4d:6f:6c:61:00:2d:2d:2d:2d:20:6c:6f:6f:70:28:29:"}
2025-09-30T19:43:43+00:00 METHOD=POST
2025-09-30T19:43:43+00:00 HEADERS={"User-Agent":"okhttp\/4.12.0","Accept-Encoding":"gzip","Content-Length":"181","Content-Type":"application\/json","X-Api-Key":"YOUR_SECURE_RANDOM_KEY","Host":"wjin.upv.edu.es"}
2025-09-30T19:43:43+00:00 RAW={"mac":"E6:14:89:83:B3:B9","major":14880,"minor":24931,"nombre":"GTI-3A","rssi":-55,"timestamp":1759261423919,"txPower":97,"uuid":"4d:6f:6c:61:00:2d:2d:2d:2d:20:6c:6f:6f:70:28:29:"}
2025-09-30T19:43:43+00:00 METHOD=POST
2025-09-30T19:43:43+00:00 HEADERS={"User-Agent":"okhttp\/4.12.0","Accept-Encoding":"gzip","Content-Length":"181","Content-Type":"application\/json","X-Api-Key":"YOUR_SECURE_RANDOM_KEY","Host":"wjin.upv.edu.es"}
2025-09-30T19:43:43+00:00 RAW={"mac":"E6:14:89:83:B3:B9","major":14880,"minor":24931,"nombre":"GTI-3A","rssi":-70,"timestamp":1759261423985,"txPower":97,"uuid":"4d:6f:6c:61:00:2d:2d:2d:2d:20:6c:6f:6f:70:28:29:"}
2025-09-30T19:43:46+00:00 METHOD=POST
2025-09-30T19:43:46+00:00 HEADERS={"User-Agent":"okhttp\/4.12.0","Accept-Encoding":"gzip","Content-Length":"179","Content-Type":"application\/json","X-Api-Key":"YOUR_SECURE_RANDOM_KEY","Host":"wjin.upv.edu.es"}
2025-09-30T19:43:46+00:00 RAW={"mac":"E6:14:89:83:B3:B9","major":2831,"minor":500,"nombre":"GTI-3A","rssi":-74,"timestamp":1759261427581,"txPower":203,"uuid":"45:50:53:47:2d:47:54:49:2d:50:52:4f:59:2d:33:41:"}
2025-09-30T19:43:46+00:00 METHOD=POST
2025-09-30T19:43:46+00:00 HEADERS={"User-Agent":"okhttp\/4.12.0","Accept-Encoding":"gzip","Content-Length":"179","Content-Type":"application\/json","X-Api-Key":"YOUR_SECURE_RANDOM_KEY","Host":"wjin.upv.edu.es"}
2025-09-30T19:43:46+00:00 RAW={"mac":"E6:14:89:83:B3:B9","major":2831,"minor":500,"nombre":"GTI-3A","rssi":-65,"timestamp":1759261427710,"txPower":203,"uuid":"45:50:53:47:2d:47:54:49:2d:50:52:4f:59:2d:33:41:"}
2025-09-30T19:43:47+00:00 METHOD=POST
2025-09-30T19:43:47+00:00 HEADERS={"User-Agent":"okhttp\/4.12.0","Accept-Encoding":"gzip","Content-Length":"179","Content-Type":"application\/json","X-Api-Key":"YOUR_SECURE_RANDOM_KEY","Host":"wjin.upv.edu.es"}
2025-09-30T19:43:47+00:00 RAW={"mac":"E6:14:89:83:B3:B9","major":2831,"minor":500,"nombre":"GTI-3A","rssi":-67,"timestamp":1759261427780,"txPower":203,"uuid":"45:50:53:47:2d:47:54:49:2d:50:52:4f:59:2d:33:41:"}
2025-09-30T19:43:47+00:00 METHOD=POST
2025-09-30T19:43:47+00:00 HEADERS={"User-Agent":"okhttp\/4.12.0","Accept-Encoding":"gzip","Content-Length":"179","Content-Type":"application\/json","X-Api-Key":"YOUR_SECURE_RANDOM_KEY","Host":"wjin.upv.edu.es"}
2025-09-30T19:43:47+00:00 RAW={"mac":"E6:14:89:83:B3:B9","major":2831,"minor":500,"nombre":"GTI-3A","rssi":-53,"timestamp":1759261427843,"txPower":203,"uuid":"45:50:53:47:2d:47:54:49:2d:50:52:4f:59:2d:33:41:"}
2025-09-30T19:43:47+00:00 METHOD=POST
2025-09-30T19:43:47+00:00 HEADERS={"User-Agent":"okhttp\/4.12.0","Accept-Encoding":"gzip","Content-Length":"179","Content-Type":"application\/json","X-Api-Key":"YOUR_SECURE_RANDOM_KEY","Host":"wjin.upv.edu.es"}
2025-09-30T19:43:47+00:00 RAW={"mac":"E6:14:89:83:B3:B9","major":2831,"minor":500,"nombre":"GTI-3A","rssi":-52,"timestamp":1759261427907,"txPower":203,"uuid":"45:50:53:47:2d:47:54:49:2d:50:52:4f:59:2d:33:41:"}
2025-09-30T19:43:47+00:00 METHOD=POST
2025-09-30T19:43:47+00:00 HEADERS={"User-Agent":"okhttp\/4.12.0","Accept-Encoding":"gzip","Content-Length":"179","Content-Type":"application\/json","X-Api-Key":"YOUR_SECURE_RANDOM_KEY","Host":"wjin.upv.edu.es"}
2025-09-30T19:43:47+00:00 RAW={"mac":"E6:14:89:83:B3:B9","major":2831,"minor":500,"nombre":"GTI-3A","rssi":-51,"timestamp":1759261428043,"txPower":203,"uuid":"45:50:53:47:2d:47:54:49:2d:50:52:4f:59:2d:33:41:"}
2025-09-30T19:43:47+00:00 METHOD=POST
2025-09-30T19:43:47+00:00 HEADERS={"User-Agent":"okhttp\/4.12.0","Accept-Encoding":"gzip","Content-Length":"179","Content-Type":"application\/json","X-Api-Key":"YOUR_SECURE_RANDOM_KEY","Host":"wjin.upv.edu.es"}
2025-09-30T19:43:47+00:00 RAW={"mac":"E6:14:89:83:B3:B9","major":2831,"minor":500,"nombre":"GTI-3A","rssi":-52,"timestamp":1759261428110,"txPower":203,"uuid":"45:50:53:47:2d:47:54:49:2d:50:52:4f:59:2d:33:41:"}
2025-09-30T19:43:47+00:00 METHOD=POST
2025-09-30T19:43:47+00:00 HEADERS={"User-Agent":"okhttp\/4.12.0","Accept-Encoding":"gzip","Content-Length":"179","Content-Type":"application\/json","X-Api-Key":"YOUR_SECURE_RANDOM_KEY","Host":"wjin.upv.edu.es"}
2025-09-30T19:43:47+00:00 RAW={"mac":"E6:14:89:83:B3:B9","major":2831,"minor":500,"nombre":"GTI-3A","rssi":-55,"timestamp":1759261428180,"txPower":203,"uuid":"45:50:53:47:2d:47:54:49:2d:50:52:4f:59:2d:33:41:"}
2025-09-30T19:43:47+00:00 METHOD=POST
2025-09-30T19:43:47+00:00 HEADERS={"User-Agent":"okhttp\/4.12.0","Accept-Encoding":"gzip","Content-Length":"179","Content-Type":"application\/json","X-Api-Key":"YOUR_SECURE_RANDOM_KEY","Host":"wjin.upv.edu.es"}
2025-09-30T19:43:47+00:00 RAW={"mac":"E6:14:89:83:B3:B9","major":2831,"minor":500,"nombre":"GTI-3A","rssi":-50,"timestamp":1759261428325,"txPower":203,"uuid":"45:50:53:47:2d:47:54:49:2d:50:52:4f:59:2d:33:41:"}
2025-09-30T19:43:47+00:00 METHOD=POST
2025-09-30T19:43:47+00:00 HEADERS={"User-Agent":"okhttp\/4.12.0","Accept-Encoding":"gzip","Content-Length":"179","Content-Type":"application\/json","X-Api-Key":"YOUR_SECURE_RANDOM_KEY","Host":"wjin.upv.edu.es"}
2025-09-30T19:43:47+00:00 RAW={"mac":"E6:14:89:83:B3:B9","major":2831,"minor":500,"nombre":"GTI-3A","rssi":-64,"timestamp":1759261428386,"txPower":203,"uuid":"45:50:53:47:2d:47:54:49:2d:50:52:4f:59:2d:33:41:"}
2025-09-30T19:43:47+00:00 METHOD=POST
2025-09-30T19:43:47+00:00 HEADERS={"User-Agent":"okhttp\/4.12.0","Accept-Encoding":"gzip","Content-Length":"179","Content-Type":"application\/json","X-Api-Key":"YOUR_SECURE_RANDOM_KEY","Host":"wjin.upv.edu.es"}
2025-09-30T19:43:47+00:00 RAW={"mac":"E6:14:89:83:B3:B9","major":2831,"minor":500,"nombre":"GTI-3A","rssi":-79,"timestamp":1759261428531,"txPower":203,"uuid":"45:50:53:47:2d:47:54:49:2d:50:52:4f:59:2d:33:41:"}
2025-09-30T19:43:47+00:00 METHOD=POST
2025-09-30T19:43:47+00:00 HEADERS={"User-Agent":"okhttp\/4.12.0","Accept-Encoding":"gzip","Content-Length":"178","Content-Type":"application\/json","X-Api-Key":"YOUR_SECURE_RANDOM_KEY","Host":"wjin.upv.edu.es"}
2025-09-30T19:43:47+00:00 RAW={"mac":"E6:14:89:83:B3:B9","major":3087,"minor":10,"nombre":"GTI-3A","rssi":-75,"timestamp":1759261428552,"txPower":203,"uuid":"45:50:53:47:2d:47:54:49:2d:50:52:4f:59:2d:33:41:"}
2025-09-30T19:43:47+00:00 METHOD=POST
2025-09-30T19:43:47+00:00 HEADERS={"User-Agent":"okhttp\/4.12.0","Accept-Encoding":"gzip","Content-Length":"178","Content-Type":"application\/json","X-Api-Key":"YOUR_SECURE_RANDOM_KEY","Host":"wjin.upv.edu.es"}
2025-09-30T19:43:47+00:00 RAW={"mac":"E6:14:89:83:B3:B9","major":3087,"minor":10,"nombre":"GTI-3A","rssi":-51,"timestamp":1759261428637,"txPower":203,"uuid":"45:50:53:47:2d:47:54:49:2d:50:52:4f:59:2d:33:41:"}
2025-09-30T19:43:47+00:00 METHOD=POST
2025-09-30T19:43:47+00:00 HEADERS={"User-Agent":"okhttp\/4.12.0","Accept-Encoding":"gzip","Content-Length":"178","Content-Type":"application\/json","X-Api-Key":"YOUR_SECURE_RANDOM_KEY","Host":"wjin.upv.edu.es"}
2025-09-30T19:43:47+00:00 RAW={"mac":"E6:14:89:83:B3:B9","major":3087,"minor":10,"nombre":"GTI-3A","rssi":-51,"timestamp":1759261428714,"txPower":203,"uuid":"45:50:53:47:2d:47:54:49:2d:50:52:4f:59:2d:33:41:"}
2025-09-30T19:43:48+00:00 METHOD=POST
2025-09-30T19:43:48+00:00 HEADERS={"User-Agent":"okhttp\/4.12.0","Accept-Encoding":"gzip","Content-Length":"178","Content-Type":"application\/json","X-Api-Key":"YOUR_SECURE_RANDOM_KEY","Host":"wjin.upv.edu.es"}
2025-09-30T19:43:48+00:00 RAW={"mac":"E6:14:89:83:B3:B9","major":3087,"minor":10,"nombre":"GTI-3A","rssi":-52,"timestamp":1759261428763,"txPower":203,"uuid":"45:50:53:47:2d:47:54:49:2d:50:52:4f:59:2d:33:41:"}
2025-09-30T19:43:48+00:00 METHOD=POST
2025-09-30T19:43:48+00:00 HEADERS={"User-Agent":"okhttp\/4.12.0","Accept-Encoding":"gzip","Content-Length":"178","Content-Type":"application\/json","X-Api-Key":"YOUR_SECURE_RANDOM_KEY","Host":"wjin.upv.edu.es"}
2025-09-30T19:43:48+00:00 RAW={"mac":"E6:14:89:83:B3:B9","major":3087,"minor":10,"nombre":"GTI-3A","rssi":-65,"timestamp":1759261428839,"txPower":203,"uuid":"45:50:53:47:2d:47:54:49:2d:50:52:4f:59:2d:33:41:"}
2025-09-30T19:43:48+00:00 METHOD=POST
2025-09-30T19:43:48+00:00 HEADERS={"User-Agent":"okhttp\/4.12.0","Accept-Encoding":"gzip","Content-Length":"178","Content-Type":"application\/json","X-Api-Key":"YOUR_SECURE_RANDOM_KEY","Host":"wjin.upv.edu.es"}
2025-09-30T19:43:48+00:00 RAW={"mac":"E6:14:89:83:B3:B9","major":3087,"minor":10,"nombre":"GTI-3A","rssi":-66,"timestamp":1759261428907,"txPower":203,"uuid":"45:50:53:47:2d:47:54:49:2d:50:52:4f:59:2d:33:41:"}
2025-09-30T19:43:48+00:00 METHOD=POST
2025-09-30T19:43:48+00:00 HEADERS={"User-Agent":"okhttp\/4.12.0","Accept-Encoding":"gzip","Content-Length":"178","Content-Type":"application\/json","X-Api-Key":"YOUR_SECURE_RANDOM_KEY","Host":"wjin.upv.edu.es"}
2025-09-30T19:43:48+00:00 RAW={"mac":"E6:14:89:83:B3:B9","major":3087,"minor":10,"nombre":"GTI-3A","rssi":-66,"timestamp":1759261428973,"txPower":203,"uuid":"45:50:53:47:2d:47:54:49:2d:50:52:4f:59:2d:33:41:"}
2025-09-30T19:43:48+00:00 METHOD=POST
2025-09-30T19:43:48+00:00 HEADERS={"User-Agent":"okhttp\/4.12.0","Accept-Encoding":"gzip","Content-Length":"178","Content-Type":"application\/json","X-Api-Key":"YOUR_SECURE_RANDOM_KEY","Host":"wjin.upv.edu.es"}
2025-09-30T19:43:48+00:00 RAW={"mac":"E6:14:89:83:B3:B9","major":3087,"minor":10,"nombre":"GTI-3A","rssi":-54,"timestamp":1759261429041,"txPower":203,"uuid":"45:50:53:47:2d:47:54:49:2d:50:52:4f:59:2d:33:41:"}
2025-09-30T19:43:48+00:00 METHOD=POST
2025-09-30T19:43:48+00:00 HEADERS={"User-Agent":"okhttp\/4.12.0","Accept-Encoding":"gzip","Content-Length":"178","Content-Type":"application\/json","X-Api-Key":"YOUR_SECURE_RANDOM_KEY","Host":"wjin.upv.edu.es"}
2025-09-30T19:43:48+00:00 RAW={"mac":"E6:14:89:83:B3:B9","major":3087,"minor":10,"nombre":"GTI-3A","rssi":-73,"timestamp":1759261429107,"txPower":203,"uuid":"45:50:53:47:2d:47:54:49:2d:50:52:4f:59:2d:33:41:"}
2025-09-30T19:43:48+00:00 METHOD=POST
2025-09-30T19:43:48+00:00 HEADERS={"User-Agent":"okhttp\/4.12.0","Accept-Encoding":"gzip","Content-Length":"178","Content-Type":"application\/json","X-Api-Key":"YOUR_SECURE_RANDOM_KEY","Host":"wjin.upv.edu.es"}
2025-09-30T19:43:48+00:00 RAW={"mac":"E6:14:89:83:B3:B9","major":3087,"minor":10,"nombre":"GTI-3A","rssi":-50,"timestamp":1759261429246,"txPower":203,"uuid":"45:50:53:47:2d:47:54:49:2d:50:52:4f:59:2d:33:41:"}
2025-09-30T19:43:48+00:00 METHOD=POST
2025-09-30T19:43:48+00:00 HEADERS={"User-Agent":"okhttp\/4.12.0","Accept-Encoding":"gzip","Content-Length":"178","Content-Type":"application\/json","X-Api-Key":"YOUR_SECURE_RANDOM_KEY","Host":"wjin.upv.edu.es"}
2025-09-30T19:43:48+00:00 RAW={"mac":"E6:14:89:83:B3:B9","major":3087,"minor":10,"nombre":"GTI-3A","rssi":-52,"timestamp":1759261429309,"txPower":203,"uuid":"45:50:53:47:2d:47:54:49:2d:50:52:4f:59:2d:33:41:"}
2025-09-30T19:43:48+00:00 METHOD=POST
2025-09-30T19:43:48+00:00 HEADERS={"User-Agent":"okhttp\/4.12.0","Accept-Encoding":"gzip","Content-Length":"178","Content-Type":"application\/json","X-Api-Key":"YOUR_SECURE_RANDOM_KEY","Host":"wjin.upv.edu.es"}
2025-09-30T19:43:48+00:00 RAW={"mac":"E6:14:89:83:B3:B9","major":3087,"minor":10,"nombre":"GTI-3A","rssi":-52,"timestamp":1759261429385,"txPower":203,"uuid":"45:50:53:47:2d:47:54:49:2d:50:52:4f:59:2d:33:41:"}
2025-09-30T19:43:48+00:00 METHOD=POST
2025-09-30T19:43:48+00:00 HEADERS={"User-Agent":"okhttp\/4.12.0","Accept-Encoding":"gzip","Content-Length":"178","Content-Type":"application\/json","X-Api-Key":"YOUR_SECURE_RANDOM_KEY","Host":"wjin.upv.edu.es"}
2025-09-30T19:43:48+00:00 RAW={"mac":"E6:14:89:83:B3:B9","major":3087,"minor":10,"nombre":"GTI-3A","rssi":-67,"timestamp":1759261429447,"txPower":203,"uuid":"45:50:53:47:2d:47:54:49:2d:50:52:4f:59:2d:33:41:"}
2025-09-30T19:43:48+00:00 METHOD=POST
2025-09-30T19:43:48+00:00 HEADERS={"User-Agent":"okhttp\/4.12.0","Accept-Encoding":"gzip","Content-Length":"181","Content-Type":"application\/json","X-Api-Key":"YOUR_SECURE_RANDOM_KEY","Host":"wjin.upv.edu.es"}
2025-09-30T19:43:48+00:00 RAW={"mac":"E6:14:89:83:B3:B9","major":14880,"minor":24931,"nombre":"GTI-3A","rssi":-51,"timestamp":1759261429556,"txPower":97,"uuid":"4d:6f:6c:61:00:2d:2d:2d:2d:20:6c:6f:6f:70:28:29:"}
2025-09-30T19:43:48+00:00 METHOD=POST
2025-09-30T19:43:48+00:00 HEADERS={"User-Agent":"okhttp\/4.12.0","Accept-Encoding":"gzip","Content-Length":"181","Content-Type":"application\/json","X-Api-Key":"YOUR_SECURE_RANDOM_KEY","Host":"wjin.upv.edu.es"}
2025-09-30T19:43:48+00:00 RAW={"mac":"E6:14:89:83:B3:B9","major":14880,"minor":24931,"nombre":"GTI-3A","rssi":-70,"timestamp":1759261429622,"txPower":97,"uuid":"4d:6f:6c:61:00:2d:2d:2d:2d:20:6c:6f:6f:70:28:29:"}
2025-09-30T19:43:49+00:00 METHOD=POST
2025-09-30T19:43:49+00:00 HEADERS={"User-Agent":"okhttp\/4.12.0","Accept-Encoding":"gzip","Content-Length":"181","Content-Type":"application\/json","X-Api-Key":"YOUR_SECURE_RANDOM_KEY","Host":"wjin.upv.edu.es"}
2025-09-30T19:43:49+00:00 RAW={"mac":"E6:14:89:83:B3:B9","major":14880,"minor":24931,"nombre":"GTI-3A","rssi":-78,"timestamp":1759261429765,"txPower":97,"uuid":"4d:6f:6c:61:00:2d:2d:2d:2d:20:6c:6f:6f:70:28:29:"}
2025-09-30T19:43:49+00:00 METHOD=POST
2025-09-30T19:43:49+00:00 HEADERS={"User-Agent":"okhttp\/4.12.0","Accept-Encoding":"gzip","Content-Length":"181","Content-Type":"application\/json","X-Api-Key":"YOUR_SECURE_RANDOM_KEY","Host":"wjin.upv.edu.es"}
2025-09-30T19:43:49+00:00 RAW={"mac":"E6:14:89:83:B3:B9","major":14880,"minor":24931,"nombre":"GTI-3A","rssi":-51,"timestamp":1759261429819,"txPower":97,"uuid":"4d:6f:6c:61:00:2d:2d:2d:2d:20:6c:6f:6f:70:28:29:"}
2025-09-30T19:43:49+00:00 METHOD=POST
2025-09-30T19:43:49+00:00 HEADERS={"User-Agent":"okhttp\/4.12.0","Accept-Encoding":"gzip","Content-Length":"181","Content-Type":"application\/json","X-Api-Key":"YOUR_SECURE_RANDOM_KEY","Host":"wjin.upv.edu.es"}
2025-09-30T19:43:49+00:00 RAW={"mac":"E6:14:89:83:B3:B9","major":14880,"minor":24931,"nombre":"GTI-3A","rssi":-55,"timestamp":1759261429951,"txPower":97,"uuid":"4d:6f:6c:61:00:2d:2d:2d:2d:20:6c:6f:6f:70:28:29:"}
2025-09-30T19:43:49+00:00 METHOD=POST
2025-09-30T19:43:49+00:00 HEADERS={"User-Agent":"okhttp\/4.12.0","Accept-Encoding":"gzip","Content-Length":"181","Content-Type":"application\/json","X-Api-Key":"YOUR_SECURE_RANDOM_KEY","Host":"wjin.upv.edu.es"}
2025-09-30T19:43:49+00:00 RAW={"mac":"E6:14:89:83:B3:B9","major":14880,"minor":24931,"nombre":"GTI-3A","rssi":-60,"timestamp":1759261430032,"txPower":97,"uuid":"4d:6f:6c:61:00:2d:2d:2d:2d:20:6c:6f:6f:70:28:29:"}
